This is pdfTeX, Version 3.14159265-2.6-1.40.21 (MiKTeX 21.1) (preloaded format=pdflatex 2021.3.18)  11 APR 2021 22:04
entering extended mode
**/home/jesus/Nanociencia_DFT/Reportes/01_Silicio_y_Siliceno_presentacion/main.tex
(/home/jesus/Nanociencia_DFT/Reportes/01_Silicio_y_Siliceno_presentacion/main.tex
LaTeX2e <2020-10-01> patch level 4
L3 programming layer <2021-02-18> (/home/jesus/.miktex/texmfs/install/tex/latex/beamer/beamer.cls
Document Class: beamer 2021/03/19 v3.62 A class for typesetting presentations
(/home/jesus/.miktex/texmfs/install/tex/latex/beamer/beamerbasemodes.sty (/home/jesus/.miktex/texmfs/install/tex/latex/etoolbox/etoolbox.sty
Package: etoolbox 2020/10/05 v2.5k e-TeX tools for LaTeX (JAW)
\etb@tempcnta=\count179
)
\beamer@tempbox=\box47
\beamer@tempcount=\count180
\c@beamerpauses=\count181
 (/home/jesus/.miktex/texmfs/install/tex/latex/beamer/beamerbasedecode.sty
\beamer@slideinframe=\count182
\beamer@minimum=\count183
\beamer@decode@box=\box48
)
\beamer@commentbox=\box49
\beamer@modecount=\count184
) (/home/jesus/.miktex/texmfs/install/tex/generic/iftex/ifpdf.sty
Package: ifpdf 2019/10/25 v3.4 ifpdf legacy package. Use iftex instead.
 (/home/jesus/.miktex/texmfs/install/tex/generic/iftex/iftex.sty
Package: iftex 2020/03/06 v1.0d TeX engine tests
))
\headdp=\dimen138
\footheight=\dimen139
\sidebarheight=\dimen140
\beamer@tempdim=\dimen141
\beamer@finalheight=\dimen142
\beamer@animht=\dimen143
\beamer@animdp=\dimen144
\beamer@animwd=\dimen145
\beamer@leftmargin=\dimen146
\beamer@rightmargin=\dimen147
\beamer@leftsidebar=\dimen148
\beamer@rightsidebar=\dimen149
\beamer@boxsize=\dimen150
\beamer@vboxoffset=\dimen151
\beamer@descdefault=\dimen152
\beamer@descriptionwidth=\dimen153
\beamer@lastskip=\skip47
\beamer@areabox=\box50
\beamer@animcurrent=\box51
\beamer@animshowbox=\box52
\beamer@sectionbox=\box53
\beamer@logobox=\box54
\beamer@linebox=\box55
\beamer@sectioncount=\count185
\beamer@subsubsectionmax=\count186
\beamer@subsectionmax=\count187
\beamer@sectionmax=\count188
\beamer@totalheads=\count189
\beamer@headcounter=\count190
\beamer@partstartpage=\count191
\beamer@sectionstartpage=\count192
\beamer@subsectionstartpage=\count193
\beamer@animationtempa=\count194
\beamer@animationtempb=\count195
\beamer@xpos=\count196
\beamer@ypos=\count197
\beamer@ypos@offset=\count198
\beamer@showpartnumber=\count199
\beamer@currentsubsection=\count266
\beamer@coveringdepth=\count267
\beamer@sectionadjust=\count268
\beamer@tocsectionnumber=\count269
 (/home/jesus/.miktex/texmfs/install/tex/latex/beamer/beamerbaseoptions.sty (/home/jesus/.miktex/texmfs/install/tex/latex/graphics/keyval.sty
Package: keyval 2014/10/28 v1.15 key=value parser (DPC)
\KV@toks@=\toks15
))
\beamer@paperwidth=\skip48
\beamer@paperheight=\skip49
 (/home/jesus/.miktex/texmfs/install/tex/latex/geometry/geometry.sty
Package: geometry 2020/01/02 v5.9 Page Geometry
 (/home/jesus/.miktex/texmfs/install/tex/generic/iftex/ifvtex.sty
Package: ifvtex 2019/10/25 v1.7 ifvtex legacy package. Use iftex instead.
)
\Gm@cnth=\count270
\Gm@cntv=\count271
\c@Gm@tempcnt=\count272
\Gm@bindingoffset=\dimen154
\Gm@wd@mp=\dimen155
\Gm@odd@mp=\dimen156
\Gm@even@mp=\dimen157
\Gm@layoutwidth=\dimen158
\Gm@layoutheight=\dimen159
\Gm@layouthoffset=\dimen160
\Gm@layoutvoffset=\dimen161
\Gm@dimlist=\toks16
 (/home/jesus/.miktex/texmfs/install/tex/latex/geometry/geometry.cfg)) (/home/jesus/.miktex/texmfs/install/tex/latex/base/size12.clo
File: size12.clo 2020/04/10 v1.4m Standard LaTeX file (size option)
) (/home/jesus/.miktex/texmfs/install/tex/latex/pgf/basiclayer/pgfcore.sty (/home/jesus/.miktex/texmfs/install/tex/latex/graphics/graphicx.sty
Package: graphicx 2020/09/09 v1.2b Enhanced LaTeX Graphics (DPC,SPQR)
 (/home/jesus/.miktex/texmfs/install/tex/latex/graphics/graphics.sty
Package: graphics 2020/08/30 v1.4c Standard LaTeX Graphics (DPC,SPQR)
 (/home/jesus/.miktex/texmfs/install/tex/latex/graphics/trig.sty
Package: trig 2016/01/03 v1.10 sin cos tan (DPC)
) (/home/jesus/.miktex/texmfs/install/tex/latex/graphics-cfg/graphics.cfg
File: graphics.cfg 2016/06/04 v1.11 sample graphics configuration
)
Package graphics Info: Driver file: pdftex.def on input line 105.
 (/home/jesus/.miktex/texmfs/install/tex/latex/graphics-def/pdftex.def
File: pdftex.def 2020/10/05 v1.2a Graphics/color driver for pdftex
))
\Gin@req@height=\dimen162
\Gin@req@width=\dimen163
) (/home/jesus/.miktex/texmfs/install/tex/latex/pgf/systemlayer/pgfsys.sty (/home/jesus/.miktex/texmfs/install/tex/latex/pgf/utilities/pgfrcs.sty (/home/jesus/.miktex/texmfs/install/tex/generic/pgf/utilities/pgfutil-common.tex
\pgfutil@everybye=\toks17
\pgfutil@tempdima=\dimen164
\pgfutil@tempdimb=\dimen165
 (/home/jesus/.miktex/texmfs/install/tex/generic/pgf/utilities/pgfutil-common-lists.tex)) (/home/jesus/.miktex/texmfs/install/tex/generic/pgf/utilities/pgfutil-latex.def
\pgfutil@abb=\box56
) (/home/jesus/.miktex/texmfs/install/tex/generic/pgf/utilities/pgfrcs.code.tex (/home/jesus/.miktex/texmfs/install/tex/generic/pgf/pgf.revision.tex)
Package: pgfrcs 2020/12/27 v3.1.8b (3.1.8b)
)) (/home/jesus/.miktex/texmfs/install/tex/generic/pgf/systemlayer/pgfsys.code.tex
Package: pgfsys 2020/12/27 v3.1.8b (3.1.8b)
 (/home/jesus/.miktex/texmfs/install/tex/generic/pgf/utilities/pgfkeys.code.tex
\pgfkeys@pathtoks=\toks18
\pgfkeys@temptoks=\toks19
 (/home/jesus/.miktex/texmfs/install/tex/generic/pgf/utilities/pgfkeysfiltered.code.tex
\pgfkeys@tmptoks=\toks20
))
\pgf@x=\dimen166
\pgf@y=\dimen167
\pgf@xa=\dimen168
\pgf@ya=\dimen169
\pgf@xb=\dimen170
\pgf@yb=\dimen171
\pgf@xc=\dimen172
\pgf@yc=\dimen173
\pgf@xd=\dimen174
\pgf@yd=\dimen175
\w@pgf@writea=\write3
\r@pgf@reada=\read2
\c@pgf@counta=\count273
\c@pgf@countb=\count274
\c@pgf@countc=\count275
\c@pgf@countd=\count276
\t@pgf@toka=\toks21
\t@pgf@tokb=\toks22
\t@pgf@tokc=\toks23
\pgf@sys@id@count=\count277
 (/home/jesus/.miktex/texmfs/install/tex/generic/pgf/systemlayer/pgf.cfg
File: pgf.cfg 2020/12/27 v3.1.8b (3.1.8b)
)
Driver file for pgf: pgfsys-pdftex.def
 (/home/jesus/.miktex/texmfs/install/tex/generic/pgf/systemlayer/pgfsys-pdftex.def
File: pgfsys-pdftex.def 2020/12/27 v3.1.8b (3.1.8b)
 (/home/jesus/.miktex/texmfs/install/tex/generic/pgf/systemlayer/pgfsys-common-pdf.def
File: pgfsys-common-pdf.def 2020/12/27 v3.1.8b (3.1.8b)
))) (/home/jesus/.miktex/texmfs/install/tex/generic/pgf/systemlayer/pgfsyssoftpath.code.tex
File: pgfsyssoftpath.code.tex 2020/12/27 v3.1.8b (3.1.8b)
\pgfsyssoftpath@smallbuffer@items=\count278
\pgfsyssoftpath@bigbuffer@items=\count279
) (/home/jesus/.miktex/texmfs/install/tex/generic/pgf/systemlayer/pgfsysprotocol.code.tex
File: pgfsysprotocol.code.tex 2020/12/27 v3.1.8b (3.1.8b)
)) (/home/jesus/.miktex/texmfs/install/tex/latex/xcolor/xcolor.sty
Package: xcolor 2016/05/11 v2.12 LaTeX color extensions (UK)
 (/home/jesus/.miktex/texmfs/install/tex/latex/graphics-cfg/color.cfg
File: color.cfg 2016/01/02 v1.6 sample color configuration
)
Package xcolor Info: Driver file: pdftex.def on input line 225.
Package xcolor Info: Model `cmy' substituted by `cmy0' on input line 1348.
Package xcolor Info: Model `hsb' substituted by `rgb' on input line 1352.
Package xcolor Info: Model `RGB' extended on input line 1364.
Package xcolor Info: Model `HTML' substituted by `rgb' on input line 1366.
Package xcolor Info: Model `Hsb' substituted by `hsb' on input line 1367.
Package xcolor Info: Model `tHsb' substituted by `hsb' on input line 1368.
Package xcolor Info: Model `HSB' substituted by `hsb' on input line 1369.
Package xcolor Info: Model `Gray' substituted by `gray' on input line 1370.
Package xcolor Info: Model `wave' substituted by `hsb' on input line 1371.
) (/home/jesus/.miktex/texmfs/install/tex/generic/pgf/basiclayer/pgfcore.code.tex
Package: pgfcore 2020/12/27 v3.1.8b (3.1.8b)
 (/home/jesus/.miktex/texmfs/install/tex/generic/pgf/math/pgfmath.code.tex (/home/jesus/.miktex/texmfs/install/tex/generic/pgf/math/pgfmathcalc.code.tex (/home/jesus/.miktex/texmfs/install/tex/generic/pgf/math/pgfmathutil.code.tex) (/home/jesus/.miktex/texmfs/install/tex/generic/pgf/math/pgfmathparser.code.tex
\pgfmath@dimen=\dimen176
\pgfmath@count=\count280
\pgfmath@box=\box57
\pgfmath@toks=\toks24
\pgfmath@stack@operand=\toks25
\pgfmath@stack@operation=\toks26
) (/home/jesus/.miktex/texmfs/install/tex/generic/pgf/math/pgfmathfunctions.code.tex (/home/jesus/.miktex/texmfs/install/tex/generic/pgf/math/pgfmathfunctions.basic.code.tex) (/home/jesus/.miktex/texmfs/install/tex/generic/pgf/math/pgfmathfunctions.trigonometric.code.tex) (/home/jesus/.miktex/texmfs/install/tex/generic/pgf/math/pgfmathfunctions.random.code.tex) (/home/jesus/.miktex/texmfs/install/tex/generic/pgf/math/pgfmathfunctions.comparison.code.tex) (/home/jesus/.miktex/texmfs/install/tex/generic/pgf/math/pgfmathfunctions.base.code.tex) (/home/jesus/.miktex/texmfs/install/tex/generic/pgf/math/pgfmathfunctions.round.code.tex) (/home/jesus/.miktex/texmfs/install/tex/generic/pgf/math/pgfmathfunctions.misc.code.tex) (/home/jesus/.miktex/texmfs/install/tex/generic/pgf/math/pgfmathfunctions.integerarithmetics.code.tex))) (/home/jesus/.miktex/texmfs/install/tex/generic/pgf/math/pgfmathfloat.code.tex
\c@pgfmathroundto@lastzeros=\count281
)) (/home/jesus/.miktex/texmfs/install/tex/generic/pgf/math/pgfint.code.tex) (/home/jesus/.miktex/texmfs/install/tex/generic/pgf/basiclayer/pgfcorepoints.code.tex
File: pgfcorepoints.code.tex 2020/12/27 v3.1.8b (3.1.8b)
\pgf@picminx=\dimen177
\pgf@picmaxx=\dimen178
\pgf@picminy=\dimen179
\pgf@picmaxy=\dimen180
\pgf@pathminx=\dimen181
\pgf@pathmaxx=\dimen182
\pgf@pathminy=\dimen183
\pgf@pathmaxy=\dimen184
\pgf@xx=\dimen185
\pgf@xy=\dimen186
\pgf@yx=\dimen187
\pgf@yy=\dimen188
\pgf@zx=\dimen189
\pgf@zy=\dimen190
) (/home/jesus/.miktex/texmfs/install/tex/generic/pgf/basiclayer/pgfcorepathconstruct.code.tex
File: pgfcorepathconstruct.code.tex 2020/12/27 v3.1.8b (3.1.8b)
\pgf@path@lastx=\dimen191
\pgf@path@lasty=\dimen192
) (/home/jesus/.miktex/texmfs/install/tex/generic/pgf/basiclayer/pgfcorepathusage.code.tex
File: pgfcorepathusage.code.tex 2020/12/27 v3.1.8b (3.1.8b)
\pgf@shorten@end@additional=\dimen193
\pgf@shorten@start@additional=\dimen194
) (/home/jesus/.miktex/texmfs/install/tex/generic/pgf/basiclayer/pgfcorescopes.code.tex
File: pgfcorescopes.code.tex 2020/12/27 v3.1.8b (3.1.8b)
\pgfpic=\box58
\pgf@hbox=\box59
\pgf@layerbox@main=\box60
\pgf@picture@serial@count=\count282
) (/home/jesus/.miktex/texmfs/install/tex/generic/pgf/basiclayer/pgfcoregraphicstate.code.tex
File: pgfcoregraphicstate.code.tex 2020/12/27 v3.1.8b (3.1.8b)
\pgflinewidth=\dimen195
) (/home/jesus/.miktex/texmfs/install/tex/generic/pgf/basiclayer/pgfcoretransformations.code.tex
File: pgfcoretransformations.code.tex 2020/12/27 v3.1.8b (3.1.8b)
\pgf@pt@x=\dimen196
\pgf@pt@y=\dimen197
\pgf@pt@temp=\dimen198
) (/home/jesus/.miktex/texmfs/install/tex/generic/pgf/basiclayer/pgfcorequick.code.tex
File: pgfcorequick.code.tex 2020/12/27 v3.1.8b (3.1.8b)
) (/home/jesus/.miktex/texmfs/install/tex/generic/pgf/basiclayer/pgfcoreobjects.code.tex
File: pgfcoreobjects.code.tex 2020/12/27 v3.1.8b (3.1.8b)
) (/home/jesus/.miktex/texmfs/install/tex/generic/pgf/basiclayer/pgfcorepathprocessing.code.tex
File: pgfcorepathprocessing.code.tex 2020/12/27 v3.1.8b (3.1.8b)
) (/home/jesus/.miktex/texmfs/install/tex/generic/pgf/basiclayer/pgfcorearrows.code.tex
File: pgfcorearrows.code.tex 2020/12/27 v3.1.8b (3.1.8b)
\pgfarrowsep=\dimen199
) (/home/jesus/.miktex/texmfs/install/tex/generic/pgf/basiclayer/pgfcoreshade.code.tex
File: pgfcoreshade.code.tex 2020/12/27 v3.1.8b (3.1.8b)
\pgf@max=\dimen256
\pgf@sys@shading@range@num=\count283
\pgf@shadingcount=\count284
) (/home/jesus/.miktex/texmfs/install/tex/generic/pgf/basiclayer/pgfcoreimage.code.tex
File: pgfcoreimage.code.tex 2020/12/27 v3.1.8b (3.1.8b)
 (/home/jesus/.miktex/texmfs/install/tex/generic/pgf/basiclayer/pgfcoreexternal.code.tex
File: pgfcoreexternal.code.tex 2020/12/27 v3.1.8b (3.1.8b)
\pgfexternal@startupbox=\box61
)) (/home/jesus/.miktex/texmfs/install/tex/generic/pgf/basiclayer/pgfcorelayers.code.tex
File: pgfcorelayers.code.tex 2020/12/27 v3.1.8b (3.1.8b)
) (/home/jesus/.miktex/texmfs/install/tex/generic/pgf/basiclayer/pgfcoretransparency.code.tex
File: pgfcoretransparency.code.tex 2020/12/27 v3.1.8b (3.1.8b)
) (/home/jesus/.miktex/texmfs/install/tex/generic/pgf/basiclayer/pgfcorepatterns.code.tex
File: pgfcorepatterns.code.tex 2020/12/27 v3.1.8b (3.1.8b)
) (/home/jesus/.miktex/texmfs/install/tex/generic/pgf/basiclayer/pgfcorerdf.code.tex
File: pgfcorerdf.code.tex 2020/12/27 v3.1.8b (3.1.8b)
))) (/home/jesus/.miktex/texmfs/install/tex/latex/pgf/utilities/xxcolor.sty
Package: xxcolor 2003/10/24 ver 0.1
\XC@nummixins=\count285
\XC@countmixins=\count286
) (/home/jesus/.miktex/texmfs/install/tex/latex/base/atbegshi-ltx.sty
Package: atbegshi-ltx 2020/08/17 v1.0a Emulation of the original atbegshi package
with kernel methods
) (/home/jesus/.miktex/texmfs/install/tex/latex/hyperref/hyperref.sty
Package: hyperref 2021-02-27 v7.00k Hypertext links for LaTeX
 (/home/jesus/.miktex/texmfs/install/tex/generic/ltxcmds/ltxcmds.sty
Package: ltxcmds 2020-05-10 v1.25 LaTeX kernel commands for general use (HO)
) (/home/jesus/.miktex/texmfs/install/tex/generic/pdftexcmds/pdftexcmds.sty
Package: pdftexcmds 2020-06-27 v0.33 Utility functions of pdfTeX for LuaTeX (HO)
 (/home/jesus/.miktex/texmfs/install/tex/generic/infwarerr/infwarerr.sty
Package: infwarerr 2019/12/03 v1.5 Providing info/warning/error messages (HO)
)
Package pdftexcmds Info: \pdf@primitive is available.
Package pdftexcmds Info: \pdf@ifprimitive is available.
Package pdftexcmds Info: \pdfdraftmode found.
) (/home/jesus/.miktex/texmfs/install/tex/generic/kvsetkeys/kvsetkeys.sty
Package: kvsetkeys 2019/12/15 v1.18 Key value parser (HO)
) (/home/jesus/.miktex/texmfs/install/tex/generic/kvdefinekeys/kvdefinekeys.sty
Package: kvdefinekeys 2019-12-19 v1.6 Define keys (HO)
) (/home/jesus/.miktex/texmfs/install/tex/generic/pdfescape/pdfescape.sty
Package: pdfescape 2019/12/09 v1.15 Implements pdfTeX's escape features (HO)
) (/home/jesus/.miktex/texmfs/install/tex/latex/hycolor/hycolor.sty
Package: hycolor 2020-01-27 v1.10 Color options for hyperref/bookmark (HO)
) (/home/jesus/.miktex/texmfs/install/tex/latex/letltxmacro/letltxmacro.sty
Package: letltxmacro 2019/12/03 v1.6 Let assignment for LaTeX macros (HO)
) (/home/jesus/.miktex/texmfs/install/tex/latex/auxhook/auxhook.sty
Package: auxhook 2019-12-17 v1.6 Hooks for auxiliary files (HO)
) (/home/jesus/.miktex/texmfs/install/tex/latex/kvoptions/kvoptions.sty
Package: kvoptions 2020-10-07 v3.14 Key value format for package options (HO)
)
\@linkdim=\dimen257
\Hy@linkcounter=\count287
\Hy@pagecounter=\count288
 (/home/jesus/.miktex/texmfs/install/tex/latex/hyperref/pd1enc.def
File: pd1enc.def 2021-02-27 v7.00k Hyperref: PDFDocEncoding definition (HO)
Now handling font encoding PD1 ...
... no UTF-8 mapping file for font encoding PD1
) (/home/jesus/.miktex/texmfs/install/tex/latex/hyperref/hyperref-langpatches.def
File: hyperref-langpatches.def 2021-02-27 v7.00k Hyperref: patches for babel languages
) (/home/jesus/.miktex/texmfs/install/tex/generic/intcalc/intcalc.sty
Package: intcalc 2019/12/15 v1.3 Expandable calculations with integers (HO)
) (/home/jesus/.miktex/texmfs/install/tex/generic/etexcmds/etexcmds.sty
Package: etexcmds 2019/12/15 v1.7 Avoid name clashes with e-TeX commands (HO)
)
\Hy@SavedSpaceFactor=\count289
 (/home/jesus/.miktex/texmfs/install/tex/latex/hyperref/puenc.def
File: puenc.def 2021-02-27 v7.00k Hyperref: PDF Unicode definition (HO)
Now handling font encoding PU ...
... no UTF-8 mapping file for font encoding PU
)
Package hyperref Info: Option `bookmarks' set `true' on input line 4073.
Package hyperref Info: Option `bookmarksopen' set `true' on input line 4073.
Package hyperref Info: Option `implicit' set `false' on input line 4073.
Package hyperref Info: Hyper figures OFF on input line 4192.
Package hyperref Info: Link nesting OFF on input line 4197.
Package hyperref Info: Hyper index ON on input line 4200.
Package hyperref Info: Plain pages OFF on input line 4207.
Package hyperref Info: Backreferencing OFF on input line 4212.
Package hyperref Info: Implicit mode OFF; no redefinition of LaTeX internals.
Package hyperref Info: Bookmarks ON on input line 4445.
\c@Hy@tempcnt=\count290
 (/home/jesus/.miktex/texmfs/install/tex/latex/url/url.sty
\Urlmuskip=\muskip16
Package: url 2013/09/16  ver 3.4  Verb mode for urls, etc.
)
LaTeX Info: Redefining \url on input line 4804.
\XeTeXLinkMargin=\dimen258
 (/home/jesus/.miktex/texmfs/install/tex/generic/bitset/bitset.sty
Package: bitset 2019/12/09 v1.3 Handle bit-vector datatype (HO)
 (/home/jesus/.miktex/texmfs/install/tex/generic/bigintcalc/bigintcalc.sty
Package: bigintcalc 2019/12/15 v1.5 Expandable calculations on big integers (HO)
))
\Fld@menulength=\count291
\Field@Width=\dimen259
\Fld@charsize=\dimen260
Package hyperref Info: Hyper figures OFF on input line 6075.
Package hyperref Info: Link nesting OFF on input line 6080.
Package hyperref Info: Hyper index ON on input line 6083.
Package hyperref Info: backreferencing OFF on input line 6090.
Package hyperref Info: Link coloring OFF on input line 6095.
Package hyperref Info: Link coloring with OCG OFF on input line 6100.
Package hyperref Info: PDF/A mode OFF on input line 6105.
LaTeX Info: Redefining \ref on input line 6145.
LaTeX Info: Redefining \pageref on input line 6149.
\Hy@abspage=\count292


Package hyperref Message: Stopped early.

)
Package hyperref Info: Driver (autodetected): hpdftex.
 (/home/jesus/.miktex/texmfs/install/tex/latex/hyperref/hpdftex.def
File: hpdftex.def 2021-02-27 v7.00k Hyperref driver for pdfTeX
 (/home/jesus/.miktex/texmfs/install/tex/latex/base/atveryend-ltx.sty
Package: atveryend-ltx 2020/08/19 v1.0a Emulation of the original atvery package
with kernel methods
)
\Fld@listcount=\count293
\c@bookmark@seq@number=\count294
 (/home/jesus/.miktex/texmfs/install/tex/latex/rerunfilecheck/rerunfilecheck.sty
Package: rerunfilecheck 2019/12/05 v1.9 Rerun checks for auxiliary files (HO)
 (/home/jesus/.miktex/texmfs/install/tex/generic/uniquecounter/uniquecounter.sty
Package: uniquecounter 2019/12/15 v1.4 Provide unlimited unique counter (HO)
)
Package uniquecounter Info: New unique counter `rerunfilecheck' on input line 286.
)) (/home/jesus/.miktex/texmfs/install/tex/latex/beamer/beamerbaserequires.sty (/home/jesus/.miktex/texmfs/install/tex/latex/beamer/beamerbasecompatibility.sty) (/home/jesus/.miktex/texmfs/install/tex/latex/beamer/beamerbasefont.sty (/home/jesus/.miktex/texmfs/install/tex/latex/amsfonts/amssymb.sty
Package: amssymb 2013/01/14 v3.01 AMS font symbols
 (/home/jesus/.miktex/texmfs/install/tex/latex/amsfonts/amsfonts.sty
Package: amsfonts 2013/01/14 v3.01 Basic AMSFonts support
\@emptytoks=\toks27
\symAMSa=\mathgroup4
\symAMSb=\mathgroup5
LaTeX Font Info:    Redeclaring math symbol \hbar on input line 98.
LaTeX Font Info:    Overwriting math alphabet `\mathfrak' in version `bold'
(Font)                  U/euf/m/n --> U/euf/b/n on input line 106.
))) (/home/jesus/.miktex/texmfs/install/tex/latex/beamer/beamerbasetranslator.sty (/home/jesus/.miktex/texmfs/install/tex/latex/translator/translator.sty
Package: translator 2020-08-03 v1.12c Easy translation of strings in LaTeX
)) (/home/jesus/.miktex/texmfs/install/tex/latex/beamer/beamerbasemisc.sty) (/home/jesus/.miktex/texmfs/install/tex/latex/beamer/beamerbasetwoscreens.sty) (/home/jesus/.miktex/texmfs/install/tex/latex/beamer/beamerbaseoverlay.sty
\beamer@argscount=\count295
\beamer@lastskipcover=\skip50
\beamer@trivlistdepth=\count296
) (/home/jesus/.miktex/texmfs/install/tex/latex/beamer/beamerbasetitle.sty) (/home/jesus/.miktex/texmfs/install/tex/latex/beamer/beamerbasesection.sty
\c@lecture=\count297
\c@part=\count298
\c@section=\count299
\c@subsection=\count300
\c@subsubsection=\count301
) (/home/jesus/.miktex/texmfs/install/tex/latex/beamer/beamerbaseframe.sty
\beamer@framebox=\box62
\beamer@frametitlebox=\box63
\beamer@zoombox=\box64
\beamer@zoomcount=\count302
\beamer@zoomframecount=\count303
\beamer@frametextheight=\dimen261
\c@subsectionslide=\count304
\beamer@frametopskip=\skip51
\beamer@framebottomskip=\skip52
\beamer@frametopskipautobreak=\skip53
\beamer@framebottomskipautobreak=\skip54
\beamer@envbody=\toks28
\framewidth=\dimen262
\c@framenumber=\count305
) (/home/jesus/.miktex/texmfs/install/tex/latex/beamer/beamerbaseverbatim.sty
\beamer@verbatimfileout=\write4
) (/home/jesus/.miktex/texmfs/install/tex/latex/beamer/beamerbaseframesize.sty
\beamer@splitbox=\box65
\beamer@autobreakcount=\count306
\beamer@autobreaklastheight=\dimen263
\beamer@frametitletoks=\toks29
\beamer@framesubtitletoks=\toks30
) (/home/jesus/.miktex/texmfs/install/tex/latex/beamer/beamerbaseframecomponents.sty
\beamer@footins=\box66
) (/home/jesus/.miktex/texmfs/install/tex/latex/beamer/beamerbasecolor.sty) (/home/jesus/.miktex/texmfs/install/tex/latex/beamer/beamerbasenotes.sty
\beamer@frameboxcopy=\box67
) (/home/jesus/.miktex/texmfs/install/tex/latex/beamer/beamerbasetoc.sty) (/home/jesus/.miktex/texmfs/install/tex/latex/beamer/beamerbasetemplates.sty
\beamer@sbttoks=\toks31
 (/home/jesus/.miktex/texmfs/install/tex/latex/beamer/beamerbaseauxtemplates.sty (/home/jesus/.miktex/texmfs/install/tex/latex/beamer/beamerbaseboxes.sty
\bmb@box=\box68
\bmb@colorbox=\box69
\bmb@boxwidth=\dimen264
\bmb@boxheight=\dimen265
\bmb@prevheight=\dimen266
\bmb@temp=\dimen267
\bmb@dima=\dimen268
\bmb@dimb=\dimen269
\bmb@prevheight=\dimen270
)
\beamer@blockheadheight=\dimen271
)) (/home/jesus/.miktex/texmfs/install/tex/latex/beamer/beamerbaselocalstructure.sty (/home/jesus/.miktex/texmfs/install/tex/latex/latex-tools/enumerate.sty
Package: enumerate 2015/07/23 v3.00 enumerate extensions (DPC)
\@enLab=\toks32
)
\beamer@bibiconwidth=\skip55
\c@figure=\count307
\c@table=\count308
\abovecaptionskip=\skip56
\belowcaptionskip=\skip57
) (/home/jesus/.miktex/texmfs/install/tex/latex/beamer/beamerbasenavigation.sty
\beamer@section@min@dim=\dimen272
) (/home/jesus/.miktex/texmfs/install/tex/latex/beamer/beamerbasetheorems.sty (/home/jesus/.miktex/texmfs/install/tex/latex/amsmath/amsmath.sty
Package: amsmath 2020/09/23 v2.17i AMS math features
\@mathmargin=\skip58

For additional information on amsmath, use the `?' option.
(/home/jesus/.miktex/texmfs/install/tex/latex/amsmath/amstext.sty
Package: amstext 2000/06/29 v2.01 AMS text
 (/home/jesus/.miktex/texmfs/install/tex/latex/amsmath/amsgen.sty
File: amsgen.sty 1999/11/30 v2.0 generic functions
\@emptytoks=\toks33
\ex@=\dimen273
)) (/home/jesus/.miktex/texmfs/install/tex/latex/amsmath/amsbsy.sty
Package: amsbsy 1999/11/29 v1.2d Bold Symbols
\pmbraise@=\dimen274
) (/home/jesus/.miktex/texmfs/install/tex/latex/amsmath/amsopn.sty
Package: amsopn 2016/03/08 v2.02 operator names
)
\inf@bad=\count309
LaTeX Info: Redefining \frac on input line 234.
\uproot@=\count310
\leftroot@=\count311
LaTeX Info: Redefining \overline on input line 399.
\classnum@=\count312
\DOTSCASE@=\count313
LaTeX Info: Redefining \ldots on input line 496.
LaTeX Info: Redefining \dots on input line 499.
LaTeX Info: Redefining \cdots on input line 620.
\Mathstrutbox@=\box70
\strutbox@=\box71
\big@size=\dimen275
LaTeX Font Info:    Redeclaring font encoding OML on input line 743.
LaTeX Font Info:    Redeclaring font encoding OMS on input line 744.
\macc@depth=\count314
\c@MaxMatrixCols=\count315
\dotsspace@=\muskip17
\c@parentequation=\count316
\dspbrk@lvl=\count317
\tag@help=\toks34
\row@=\count318
\column@=\count319
\maxfields@=\count320
\andhelp@=\toks35
\eqnshift@=\dimen276
\alignsep@=\dimen277
\tagshift@=\dimen278
\tagwidth@=\dimen279
\totwidth@=\dimen280
\lineht@=\dimen281
\@envbody=\toks36
\multlinegap=\skip59
\multlinetaggap=\skip60
\mathdisplay@stack=\toks37
LaTeX Info: Redefining \[ on input line 2923.
LaTeX Info: Redefining \] on input line 2924.
) (/home/jesus/.miktex/texmfs/install/tex/latex/amscls/amsthm.sty
Package: amsthm 2020/05/29 v2.20.6
\thm@style=\toks38
\thm@bodyfont=\toks39
\thm@headfont=\toks40
\thm@notefont=\toks41
\thm@headpunct=\toks42
\thm@preskip=\skip61
\thm@postskip=\skip62
\thm@headsep=\skip63
\dth@everypar=\toks43
)
\c@theorem=\count321
) (/home/jesus/.miktex/texmfs/install/tex/latex/beamer/beamerbasethemes.sty)) (/home/jesus/.miktex/texmfs/install/tex/latex/beamer/beamerthemedefault.sty (/home/jesus/.miktex/texmfs/install/tex/latex/beamer/beamerfontthemedefault.sty) (/home/jesus/.miktex/texmfs/install/tex/latex/beamer/beamercolorthemedefault.sty) (/home/jesus/.miktex/texmfs/install/tex/latex/beamer/beamerinnerthemedefault.sty
\beamer@dima=\dimen282
\beamer@dimb=\dimen283
) (/home/jesus/.miktex/texmfs/install/tex/latex/beamer/beamerouterthemedefault.sty))) (/home/jesus/.miktex/texmfs/install/tex/latex/beamer/beamerthemeWarsaw.sty (/home/jesus/.miktex/texmfs/install/tex/latex/beamer/beamerinnerthemerounded.sty) (/home/jesus/.miktex/texmfs/install/tex/latex/beamer/beamerouterthemeshadow.sty (/home/jesus/.miktex/texmfs/install/tex/latex/beamer/beamerouterthemesplit.sty)) (/home/jesus/.miktex/texmfs/install/tex/latex/beamer/beamercolorthemeorchid.sty) (/home/jesus/.miktex/texmfs/install/tex/latex/beamer/beamercolorthemewhale.sty)) (package.tex (/home/jesus/.miktex/texmfs/install/tex/latex/base/inputenc.sty
Package: inputenc 2020/08/01 v1.3d Input encoding file
\inpenc@prehook=\toks44
\inpenc@posthook=\toks45
) (/home/jesus/.miktex/texmfs/install/tex/latex/ragged2e/ragged2e.sty
Package: ragged2e 2021/02/05 v3.0 ragged2e Package
 (/home/jesus/.miktex/texmfs/install/tex/latex/everysel/everysel.sty
Package: everysel 2021/01/20 v2.1 EverySelectfont Package (MS)
 (/home/jesus/.miktex/texmfs/install/tex/latex/everysel/everysel-2011-10-28.sty))
\CenteringLeftskip=\skip64
\RaggedLeftLeftskip=\skip65
\RaggedRightLeftskip=\skip66
\CenteringRightskip=\skip67
\RaggedLeftRightskip=\skip68
\RaggedRightRightskip=\skip69
\CenteringParfillskip=\skip70
\RaggedLeftParfillskip=\skip71
\RaggedRightParfillskip=\skip72
\JustifyingParfillskip=\skip73
\CenteringParindent=\skip74
\RaggedLeftParindent=\skip75
\RaggedRightParindent=\skip76
\JustifyingParindent=\skip77
)) (preambulo.tex (/home/jesus/.miktex/texmfs/install/tex/latex/beamer/beamerouterthemeinfolines.sty)) (/home/jesus/.miktex/texmfs/install/tex/latex/l3backend/l3backend-pdftex.def
File: l3backend-pdftex.def 2021-03-02 L3 backend support: PDF output (pdfTeX)
\l__color_backend_stack_int=\count322
\l__pdf_internal_box=\box72
) (/home/jesus/Nanociencia_DFT/Reportes/01_Silicio_y_Siliceno_presentacion/build/main.aux)
\openout1 = `main.aux'.

LaTeX Font Info:    Checking defaults for OML/cmm/m/it on input line 10.
LaTeX Font Info:    ... okay on input line 10.
LaTeX Font Info:    Checking defaults for OMS/cmsy/m/n on input line 10.
LaTeX Font Info:    ... okay on input line 10.
LaTeX Font Info:    Checking defaults for OT1/cmr/m/n on input line 10.
LaTeX Font Info:    ... okay on input line 10.
LaTeX Font Info:    Checking defaults for T1/cmr/m/n on input line 10.
LaTeX Font Info:    ... okay on input line 10.
LaTeX Font Info:    Checking defaults for TS1/cmr/m/n on input line 10.
LaTeX Font Info:    ... okay on input line 10.
LaTeX Font Info:    Checking defaults for OMX/cmex/m/n on input line 10.
LaTeX Font Info:    ... okay on input line 10.
LaTeX Font Info:    Checking defaults for U/cmr/m/n on input line 10.
LaTeX Font Info:    ... okay on input line 10.
LaTeX Font Info:    Checking defaults for PD1/pdf/m/n on input line 10.
LaTeX Font Info:    ... okay on input line 10.
LaTeX Font Info:    Checking defaults for PU/pdf/m/n on input line 10.
LaTeX Font Info:    ... okay on input line 10.

*geometry* driver: auto-detecting
*geometry* detected driver: pdftex
*geometry* verbose mode - [ preamble ] result:
* driver: pdftex
* paper: custom
* layout: <same size as paper>
* layoutoffset:(h,v)=(0.0pt,0.0pt)
* modes: includehead includefoot 
* h-part:(L,W,R)=(11.74988pt, 340.6956pt, 11.74988pt)
* v-part:(T,H,B)=(0.0pt, 273.14662pt, 0.0pt)
* \paperwidth=364.19536pt
* \paperheight=273.14662pt
* \textwidth=340.6956pt
* \textheight=244.6939pt
* \oddsidemargin=-60.52011pt
* \evensidemargin=-60.52011pt
* \topmargin=-72.26999pt
* \headheight=14.22636pt
* \headsep=0.0pt
* \topskip=12.0pt
* \footskip=14.22636pt
* \marginparwidth=4.0pt
* \marginparsep=10.0pt
* \columnsep=10.0pt
* \skip\footins=10.8pt plus 4.0pt minus 2.0pt
* \hoffset=0.0pt
* \voffset=0.0pt
* \mag=1000
* \@twocolumnfalse
* \@twosidefalse
* \@mparswitchfalse
* \@reversemarginfalse
* (1in=72.27pt=25.4mm, 1cm=28.453pt)

(/home/jesus/.miktex/texmfs/install/tex/context/base/mkii/supp-pdf.mkii
[Loading MPS to PDF converter (version 2006.09.02).]
\scratchcounter=\count323
\scratchdimen=\dimen284
\scratchbox=\box73
\nofMPsegments=\count324
\nofMParguments=\count325
\everyMPshowfont=\toks46
\MPscratchCnt=\count326
\MPscratchDim=\dimen285
\MPnumerator=\count327
\makeMPintoPDFobject=\count328
\everyMPtoPDFconversion=\toks47
) (/home/jesus/.miktex/texmfs/install/tex/latex/epstopdf-pkg/epstopdf-base.sty
Package: epstopdf-base 2020-01-24 v2.11 Base part for package epstopdf
Package epstopdf-base Info: Redefining graphics rule for `.eps' on input line 485.
 (/home/jesus/.miktex/texmfs/install/tex/latex/00miktex/epstopdf-sys.cfg
File: epstopdf-sys.cfg 2021/03/17 v1.0 Configuration of epstopdf for MiKTeX
))
Package hyperref Info: Link coloring OFF on input line 10.
 (/home/jesus/.miktex/texmfs/install/tex/latex/hyperref/nameref.sty
Package: nameref 2021-04-02 v2.47 Cross-referencing by name of section
 (/home/jesus/.miktex/texmfs/install/tex/latex/refcount/refcount.sty
Package: refcount 2019/12/15 v3.6 Data extraction from label references (HO)
) (/home/jesus/.miktex/texmfs/install/tex/generic/gettitlestring/gettitlestring.sty
Package: gettitlestring 2019/12/15 v1.6 Cleanup title references (HO)
)
\c@section@level=\count329
)
LaTeX Info: Redefining \ref on input line 10.
LaTeX Info: Redefining \pageref on input line 10.
LaTeX Info: Redefining \nameref on input line 10.
 (/home/jesus/Nanociencia_DFT/Reportes/01_Silicio_y_Siliceno_presentacion/build/main.out) (/home/jesus/Nanociencia_DFT/Reportes/01_Silicio_y_Siliceno_presentacion/build/main.out)
\@outlinefile=\write5
\openout5 = `main.out'.

LaTeX Font Info:    Overwriting symbol font `operators' in version `normal'
(Font)                  OT1/cmr/m/n --> OT1/cmss/m/n on input line 10.
LaTeX Font Info:    Overwriting symbol font `operators' in version `bold'
(Font)                  OT1/cmr/bx/n --> OT1/cmss/b/n on input line 10.
\symnumbers=\mathgroup6
\sympureletters=\mathgroup7
LaTeX Font Info:    Overwriting math alphabet `\mathrm' in version `normal'
(Font)                  OT1/cmss/m/n --> OT1/cmr/m/n on input line 10.
LaTeX Font Info:    Redeclaring math alphabet \mathbf on input line 10.
LaTeX Font Info:    Overwriting math alphabet `\mathbf' in version `normal'
(Font)                  OT1/cmr/bx/n --> OT1/cmss/b/n on input line 10.
LaTeX Font Info:    Overwriting math alphabet `\mathbf' in version `bold'
(Font)                  OT1/cmr/bx/n --> OT1/cmss/b/n on input line 10.
LaTeX Font Info:    Redeclaring math alphabet \mathsf on input line 10.
LaTeX Font Info:    Overwriting math alphabet `\mathsf' in version `normal'
(Font)                  OT1/cmss/m/n --> OT1/cmss/m/n on input line 10.
LaTeX Font Info:    Overwriting math alphabet `\mathsf' in version `bold'
(Font)                  OT1/cmss/bx/n --> OT1/cmss/m/n on input line 10.
LaTeX Font Info:    Redeclaring math alphabet \mathit on input line 10.
LaTeX Font Info:    Overwriting math alphabet `\mathit' in version `normal'
(Font)                  OT1/cmr/m/it --> OT1/cmss/m/it on input line 10.
LaTeX Font Info:    Overwriting math alphabet `\mathit' in version `bold'
(Font)                  OT1/cmr/bx/it --> OT1/cmss/m/it on input line 10.
LaTeX Font Info:    Redeclaring math alphabet \mathtt on input line 10.
LaTeX Font Info:    Overwriting math alphabet `\mathtt' in version `normal'
(Font)                  OT1/cmtt/m/n --> OT1/cmtt/m/n on input line 10.
LaTeX Font Info:    Overwriting math alphabet `\mathtt' in version `bold'
(Font)                  OT1/cmtt/m/n --> OT1/cmtt/m/n on input line 10.
LaTeX Font Info:    Overwriting symbol font `numbers' in version `bold'
(Font)                  OT1/cmss/m/n --> OT1/cmss/b/n on input line 10.
LaTeX Font Info:    Overwriting symbol font `pureletters' in version `bold'
(Font)                  OT1/cmss/m/it --> OT1/cmss/b/it on input line 10.
LaTeX Font Info:    Overwriting math alphabet `\mathrm' in version `bold'
(Font)                  OT1/cmss/b/n --> OT1/cmr/b/n on input line 10.
LaTeX Font Info:    Overwriting math alphabet `\mathbf' in version `bold'
(Font)                  OT1/cmss/b/n --> OT1/cmss/b/n on input line 10.
LaTeX Font Info:    Overwriting math alphabet `\mathsf' in version `bold'
(Font)                  OT1/cmss/m/n --> OT1/cmss/b/n on input line 10.
LaTeX Font Info:    Overwriting math alphabet `\mathit' in version `bold'
(Font)                  OT1/cmss/m/it --> OT1/cmss/b/it on input line 10.
LaTeX Font Info:    Overwriting math alphabet `\mathtt' in version `bold'
(Font)                  OT1/cmtt/m/n --> OT1/cmtt/b/n on input line 10.
 (/home/jesus/.miktex/texmfs/install/tex/latex/translator/translator-basic-dictionary-English.dict
Dictionary: translator-basic-dictionary, Language: English 
) (/home/jesus/.miktex/texmfs/install/tex/latex/translator/translator-bibliography-dictionary-English.dict
Dictionary: translator-bibliography-dictionary, Language: English 
) (/home/jesus/.miktex/texmfs/install/tex/latex/translator/translator-environment-dictionary-English.dict
Dictionary: translator-environment-dictionary, Language: English 
) (/home/jesus/.miktex/texmfs/install/tex/latex/translator/translator-months-dictionary-English.dict
Dictionary: translator-months-dictionary, Language: English 
) (/home/jesus/.miktex/texmfs/install/tex/latex/translator/translator-numbers-dictionary-English.dict
Dictionary: translator-numbers-dictionary, Language: English 
) (/home/jesus/.miktex/texmfs/install/tex/latex/translator/translator-theorem-dictionary-English.dict
Dictionary: translator-theorem-dictionary, Language: English 
) ABD: EverySelectfont initializing macros
LaTeX Info: Redefining \selectfont on input line 10.
 (/home/jesus/Nanociencia_DFT/Reportes/01_Silicio_y_Siliceno_presentacion/build/main.nav)
Overfull \hbox (175.88611pt too wide) in paragraph at lines 10--10
 [][]  \OT1/cmss/m/n/6 ([])  
 []

(resumen.tex (/home/jesus/Nanociencia_DFT/Reportes/01_Silicio_y_Siliceno_presentacion/build/main.toc)
Overfull \hbox (175.88611pt too wide) has occurred while \output is active
 [][]  \OT1/cmss/m/n/6 ([])  
 []

[1{/home/jesus/.miktex/texmfs/data/pdftex/config/pdftex.map}

]
<logo_header.jpg, id=88, 443.6575pt x 190.7125pt>
File: logo_header.jpg Graphic file (type jpg)
<use logo_header.jpg>
Package pdftex.def Info: logo_header.jpg  used on input line 18.
(pdftex.def)             Requested size: 199.64401pt x 85.81982pt.

Overfull \vbox (0.85367pt too high) detected at line 18
 []


Overfull \hbox (175.88611pt too wide) has occurred while \output is active
 [][]  \OT1/cmss/m/n/6 ([])  
 []

[2

 <./logo_header.jpg>]
Overfull \hbox (175.88611pt too wide) has occurred while \output is active
 [][]  \OT1/cmss/m/n/6 ([])  
 []

[3

]) (actividad.tex (/home/jesus/Nanociencia_DFT/Reportes/01_Silicio_y_Siliceno_presentacion/build/main.toc)
Overfull \hbox (175.88611pt too wide) has occurred while \output is active
 [][]  \OT1/cmss/m/n/6 ([])  
 []

[4

]
Overfull \hbox (175.88611pt too wide) has occurred while \output is active
 [][]  \OT1/cmss/m/n/6 ([])  
 []

[5

]
<images/silicene_cell.png, id=219, 468.75125pt x 324.21124pt>
File: images/silicene_cell.png Graphic file (type png)
<use images/silicene_cell.png>
Package pdftex.def Info: images/silicene_cell.png  used on input line 24.
(pdftex.def)             Requested size: 281.25291pt x 194.52824pt.

Overfull \hbox (175.88611pt too wide) has occurred while \output is active
 [][]  \OT1/cmss/m/n/6 ([])  
 []

[6

 <./images/silicene_cell.png>]
Overfull \hbox (175.88611pt too wide) has occurred while \output is active
 [][]  \OT1/cmss/m/n/6 ([])  
 []

[7

]
<images_siliceno/siliceno_2d.png, id=275, 404.51125pt x 636.3775pt>
File: images_siliceno/siliceno_2d.png Graphic file (type png)
<use images_siliceno/siliceno_2d.png>
Package pdftex.def Info: images_siliceno/siliceno_2d.png  used on input line 47.
(pdftex.def)             Requested size: 121.35431pt x 190.91472pt.

Overfull \hbox (175.88611pt too wide) has occurred while \output is active
 [][]  \OT1/cmss/m/n/6 ([])  
 []

[8

 <./images_siliceno/siliceno_2d.png>]
Overfull \hbox (175.88611pt too wide) has occurred while \output is active
 [][]  \OT1/cmss/m/n/6 ([])  
 []

[9

]
<images_silicano/silicano_structure.png, id=330, 1471.4975pt x 795.97375pt>
File: images_silicano/silicano_structure.png Graphic file (type png)
<use images_silicano/silicano_structure.png>
Package pdftex.def Info: images_silicano/silicano_structure.png  used on input line 72.
(pdftex.def)             Requested size: 294.29428pt x 159.19193pt.

Overfull \hbox (175.88611pt too wide) has occurred while \output is active
 [][]  \OT1/cmss/m/n/6 ([])  
 []

[10

 <./images_silicano/silicano_structure.png>]
<images_silicano/silicano_structure_2.png, id=358, 1423.3175pt x 352.31625pt>
File: images_silicano/silicano_structure_2.png Graphic file (type png)
<use images_silicano/silicano_structure_2.png>
Package pdftex.def Info: images_silicano/silicano_structure_2.png  used on input line 80.
(pdftex.def)             Requested size: 284.65846pt x 70.46199pt.

Overfull \hbox (175.88611pt too wide) has occurred while \output is active
 [][]  \OT1/cmss/m/n/6 ([])  
 []

[11

 <./images_silicano/silicano_structure_2.png>]
Overfull \hbox (175.88611pt too wide) has occurred while \output is active
 [][]  \OT1/cmss/m/n/6 ([])  
 []

[12

]) (silicio.tex (/home/jesus/Nanociencia_DFT/Reportes/01_Silicio_y_Siliceno_presentacion/build/main.toc)
Overfull \hbox (175.88611pt too wide) has occurred while \output is active
 [][]  \OT1/cmss/m/n/6 ([])  
 []

[13

]
<images/longitud_enlace_5_4700_amstrongs.png, id=444, 1471.4975pt x 795.97375pt>
File: images/longitud_enlace_5_4700_amstrongs.png Graphic file (type png)
<use images/longitud_enlace_5_4700_amstrongs.png>
Package pdftex.def Info: images/longitud_enlace_5_4700_amstrongs.png  used on input line 9.
(pdftex.def)             Requested size: 294.29428pt x 159.19193pt.

Overfull \hbox (175.88611pt too wide) has occurred while \output is active
 [][]  \OT1/cmss/m/n/6 ([])  
 []

[14

 <./images/longitud_enlace_5_4700_amstrongs.png>]) (siliceno.tex (/home/jesus/Nanociencia_DFT/Reportes/01_Silicio_y_Siliceno_presentacion/build/main.toc)
Overfull \hbox (175.88611pt too wide) has occurred while \output is active
 [][]  \OT1/cmss/m/n/6 ([])  
 []

[15

]
<images_siliceno/longitud_enlace_3_8600_amstrongs.png, id=504, 1471.4975pt x 795.97375pt>
File: images_siliceno/longitud_enlace_3_8600_amstrongs.png Graphic file (type png)
<use images_siliceno/longitud_enlace_3_8600_amstrongs.png>
Package pdftex.def Info: images_siliceno/longitud_enlace_3_8600_amstrongs.png  used on input line 13.
(pdftex.def)             Requested size: 294.29428pt x 159.19193pt.

Overfull \hbox (175.88611pt too wide) has occurred while \output is active
 [][]  \OT1/cmss/m/n/6 ([])  
 []

[16

 <./images_siliceno/longitud_enlace_3_8600_amstrongs.png>]
<images_siliceno/bands_structure.png, id=532, 1026.83624pt x 482.55281pt>
File: images_siliceno/bands_structure.png Graphic file (type png)
<use images_siliceno/bands_structure.png>
Package pdftex.def Info: images_siliceno/bands_structure.png  used on input line 25.
(pdftex.def)             Requested size: 349.1197pt x 164.06578pt.

Overfull \hbox (8.4241pt too wide) in paragraph at lines 25--25
 [] 
 []


Overfull \hbox (175.88611pt too wide) has occurred while \output is active
 [][]  \OT1/cmss/m/n/6 ([])  
 []

[17

 <./images_siliceno/bands_structure.png (PNG copy)>]
<images_siliceno/plot_sin_spin.png, id=560, 1202.99437pt x 602.25pt>
File: images_siliceno/plot_sin_spin.png Graphic file (type png)
<use images_siliceno/plot_sin_spin.png>
Package pdftex.def Info: images_siliceno/plot_sin_spin.png  used on input line 33.
(pdftex.def)             Requested size: 300.74785pt x 150.56212pt.

Overfull \hbox (175.88611pt too wide) has occurred while \output is active
 [][]  \OT1/cmss/m/n/6 ([])  
 []

[18

 <./images_siliceno/plot_sin_spin.png (PNG copy)>]
<images_siliceno/siliceno_energía_orbitales_up_sin_spin.png, id=588, 1156.32pt x 579.6054pt>
File: images_siliceno/siliceno_energía_orbitales_up_sin_spin.png Graphic file (type png)
<use images_siliceno/siliceno_energía_orbitales_up_sin_spin.png>
Package pdftex.def Info: images_siliceno/siliceno_energía_orbitales_up_sin_spin.png  used on input line 41.
(pdftex.def)             Requested size: 346.89868pt x 173.88295pt.

Overfull \hbox (6.20308pt too wide) in paragraph at lines 41--41
 [] 
 []


Overfull \hbox (175.88611pt too wide) has occurred while \output is active
 [][]  \OT1/cmss/m/n/6 ([])  
 []

[19

 <./images_siliceno/siliceno_energía_orbitales_up_sin_spin.png>]
<images_siliceno/siliceno_energía_orbitales_down_sin_spin.png, id=619, 1156.32pt x 579.6054pt>
File: images_siliceno/siliceno_energía_orbitales_down_sin_spin.png Graphic file (type png)
<use images_siliceno/siliceno_energía_orbitales_down_sin_spin.png>
Package pdftex.def Info: images_siliceno/siliceno_energía_orbitales_down_sin_spin.png  used on input line 49.
(pdftex.def)             Requested size: 346.89868pt x 173.88295pt.

Overfull \hbox (6.20308pt too wide) in paragraph at lines 49--49
 [] 
 []


Overfull \hbox (175.88611pt too wide) has occurred while \output is active
 [][]  \OT1/cmss/m/n/6 ([])  
 []

[20

 <./images_siliceno/siliceno_energía_orbitales_down_sin_spin.png>]
<images_siliceno/densidad_estados_con_spin.png, id=648, 1202.99437pt x 602.25pt>
File: images_siliceno/densidad_estados_con_spin.png Graphic file (type png)
<use images_siliceno/densidad_estados_con_spin.png>
Package pdftex.def Info: images_siliceno/densidad_estados_con_spin.png  used on input line 62.
(pdftex.def)             Requested size: 300.74785pt x 150.56212pt.

Overfull \hbox (175.88611pt too wide) has occurred while \output is active
 [][]  \OT1/cmss/m/n/6 ([])  
 []

[21

 <./images_siliceno/densidad_estados_con_spin.png (PNG copy)>]
<images_siliceno/silicio_energía_orbitales_up.png, id=676, 1156.32pt x 579.6054pt>
File: images_siliceno/silicio_energía_orbitales_up.png Graphic file (type png)
<use images_siliceno/silicio_energía_orbitales_up.png>
Package pdftex.def Info: images_siliceno/silicio_energía_orbitales_up.png  used on input line 70.
(pdftex.def)             Requested size: 346.89868pt x 173.88295pt.

Overfull \hbox (6.20308pt too wide) in paragraph at lines 70--70
 [] 
 []


Overfull \hbox (175.88611pt too wide) has occurred while \output is active
 [][]  \OT1/cmss/m/n/6 ([])  
 []

[22

 <./images_siliceno/silicio_energía_orbitales_up.png>]
<images_siliceno/siliceno_energía_orbitales_down.png, id=704, 1156.32pt x 579.6054pt>
File: images_siliceno/siliceno_energía_orbitales_down.png Graphic file (type png)
<use images_siliceno/siliceno_energía_orbitales_down.png>
Package pdftex.def Info: images_siliceno/siliceno_energía_orbitales_down.png  used on input line 78.
(pdftex.def)             Requested size: 346.89868pt x 173.88295pt.

Overfull \hbox (6.20308pt too wide) in paragraph at lines 78--78
 [] 
 []


Overfull \hbox (175.88611pt too wide) has occurred while \output is active
 [][]  \OT1/cmss/m/n/6 ([])  
 []

[23

 <./images_siliceno/siliceno_energía_orbitales_down.png>]) (silicano.tex (/home/jesus/Nanociencia_DFT/Reportes/01_Silicio_y_Siliceno_presentacion/build/main.toc)
Overfull \hbox (175.88611pt too wide) has occurred while \output is active
 [][]  \OT1/cmss/m/n/6 ([])  
 []

[24

]
File: images_silicano/silicano_structure.png Graphic file (type png)
<use images_silicano/silicano_structure.png>
Package pdftex.def Info: images_silicano/silicano_structure.png  used on input line 9.
(pdftex.def)             Requested size: 294.29428pt x 159.19193pt.

Overfull \hbox (175.88611pt too wide) has occurred while \output is active
 [][]  \OT1/cmss/m/n/6 ([])  
 []

[25

]
<images_silicano/Lattice_parameter_vs_Energy_third.png, id=792, 1156.32pt x 579.6054pt>
File: images_silicano/Lattice_parameter_vs_Energy_third.png Graphic file (type png)
<use images_silicano/Lattice_parameter_vs_Energy_third.png>
Package pdftex.def Info: images_silicano/Lattice_parameter_vs_Energy_third.png  used on input line 20.
(pdftex.def)             Requested size: 231.2599pt x 115.91902pt.

Overfull \hbox (175.88611pt too wide) has occurred while \output is active
 [][]  \OT1/cmss/m/n/6 ([])  
 []

[26

 <./images_silicano/Lattice_parameter_vs_Energy_third.png>]
<images_silicano/bands_structure_silicane_10_bands_relax.png, id=821, 1026.83624pt x 482.55281pt>
File: images_silicano/bands_structure_silicane_10_bands_relax.png Graphic file (type png)
<use images_silicano/bands_structure_silicane_10_bands_relax.png>
Package pdftex.def Info: images_silicano/bands_structure_silicane_10_bands_relax.png  used on input line 29.
(pdftex.def)             Requested size: 308.05325pt x 144.76695pt.

Overfull \hbox (175.88611pt too wide) has occurred while \output is active
 [][]  \OT1/cmss/m/n/6 ([])  
 []

[27

 <./images_silicano/bands_structure_silicane_10_bands_relax.png (PNG copy)>]
<images_silicano/Bandstructure-of-a-silicane-and-b-germanane.png, id=849, 853.1875pt x 412.54124pt>
File: images_silicano/Bandstructure-of-a-silicane-and-b-germanane.png Graphic file (type png)
<use images_silicano/Bandstructure-of-a-silicane-and-b-germanane.png>
Package pdftex.def Info: images_silicano/Bandstructure-of-a-silicane-and-b-germanane.png  used on input line 37.
(pdftex.def)             Requested size: 298.6201pt x 144.39159pt.

Overfull \hbox (175.88611pt too wide) has occurred while \output is active
 [][]  \OT1/cmss/m/n/6 ([])  
 []

[28

 <./images_silicano/Bandstructure-of-a-silicane-and-b-germanane.png>]
<images_silicano/Densidades_estado_sin_spin.png, id=877, 1202.99437pt x 602.25pt>
File: images_silicano/Densidades_estado_sin_spin.png Graphic file (type png)
<use images_silicano/Densidades_estado_sin_spin.png>
Package pdftex.def Info: images_silicano/Densidades_estado_sin_spin.png  used on input line 48.
(pdftex.def)             Requested size: 300.74785pt x 150.56212pt.

Overfull \hbox (175.88611pt too wide) has occurred while \output is active
 [][]  \OT1/cmss/m/n/6 ([])  
 []

[29

 <./images_silicano/Densidades_estado_sin_spin.png (PNG copy)>]
<images_silicano/Densidad_estados_sin_spin_up.png, id=905, 1299.85625pt x 700.6175pt>
File: images_silicano/Densidad_estados_sin_spin_up.png Graphic file (type png)
<use images_silicano/Densidad_estados_sin_spin_up.png>
Package pdftex.def Info: images_silicano/Densidad_estados_sin_spin_up.png  used on input line 58.
(pdftex.def)             Requested size: 324.96327pt x 175.15395pt.

Overfull \hbox (175.88611pt too wide) has occurred while \output is active
 [][]  \OT1/cmss/m/n/6 ([])  
 []

[30

 <./images_silicano/Densidad_estados_sin_spin_up.png>]
<images_silicano/Densidad_estados_sin_spin_down.png, id=934, 1156.32pt x 579.6054pt>
File: images_silicano/Densidad_estados_sin_spin_down.png Graphic file (type png)
<use images_silicano/Densidad_estados_sin_spin_down.png>
Package pdftex.def Info: images_silicano/Densidad_estados_sin_spin_down.png  used on input line 66.
(pdftex.def)             Requested size: 346.89868pt x 173.88295pt.

Overfull \hbox (6.20308pt too wide) in paragraph at lines 66--66
 [] 
 []


Overfull \hbox (175.88611pt too wide) has occurred while \output is active
 [][]  \OT1/cmss/m/n/6 ([])  
 []

[31

 <./images_silicano/Densidad_estados_sin_spin_down.png>]
<images_silicano/Densidad_estados_sin_spin_up_elementos.png, id=964, 1156.32pt x 579.6054pt>
File: images_silicano/Densidad_estados_sin_spin_up_elementos.png Graphic file (type png)
<use images_silicano/Densidad_estados_sin_spin_up_elementos.png>
Package pdftex.def Info: images_silicano/Densidad_estados_sin_spin_up_elementos.png  used on input line 77.
(pdftex.def)             Requested size: 346.89868pt x 173.88295pt.

Overfull \hbox (6.20308pt too wide) in paragraph at lines 77--77
 [] 
 []


Overfull \vbox (6.40706pt too high) detected at line 77
 []


Overfull \hbox (175.88611pt too wide) has occurred while \output is active
 [][]  \OT1/cmss/m/n/6 ([])  
 []

[32

 <./images_silicano/Densidad_estados_sin_spin_up_elementos.png>]
<images_silicano/Densidad_estados_sin_spin_down_elementos.png, id=993, 1156.32pt x 579.6054pt>
File: images_silicano/Densidad_estados_sin_spin_down_elementos.png Graphic file (type png)
<use images_silicano/Densidad_estados_sin_spin_down_elementos.png>
Package pdftex.def Info: images_silicano/Densidad_estados_sin_spin_down_elementos.png  used on input line 85.
(pdftex.def)             Requested size: 346.89868pt x 173.88295pt.

Overfull \hbox (6.20308pt too wide) in paragraph at lines 85--85
 [] 
 []


Overfull \hbox (175.88611pt too wide) has occurred while \output is active
 [][]  \OT1/cmss/m/n/6 ([])  
 []

[33

 <./images_silicano/Densidad_estados_sin_spin_down_elementos.png>]
<images_silicano/Densidad_estados_con_spin.png, id=1022, 1202.99437pt x 602.25pt>
File: images_silicano/Densidad_estados_con_spin.png Graphic file (type png)
<use images_silicano/Densidad_estados_con_spin.png>
Package pdftex.def Info: images_silicano/Densidad_estados_con_spin.png  used on input line 96.
(pdftex.def)             Requested size: 300.74785pt x 150.56212pt.

Overfull \hbox (175.88611pt too wide) has occurred while \output is active
 [][]  \OT1/cmss/m/n/6 ([])  
 []

[34

 <./images_silicano/Densidad_estados_con_spin.png (PNG copy)>]
<images_silicano/Densidad_estados_con_spin_up_elementos.png, id=1050, 1156.32pt x 579.6054pt>
File: images_silicano/Densidad_estados_con_spin_up_elementos.png Graphic file (type png)
<use images_silicano/Densidad_estados_con_spin_up_elementos.png>
Package pdftex.def Info: images_silicano/Densidad_estados_con_spin_up_elementos.png  used on input line 106.
(pdftex.def)             Requested size: 346.89868pt x 173.88295pt.

Overfull \hbox (6.20308pt too wide) in paragraph at lines 106--106
 [] 
 []


Overfull \vbox (6.40706pt too high) detected at line 106
 []


Overfull \hbox (175.88611pt too wide) has occurred while \output is active
 [][]  \OT1/cmss/m/n/6 ([])  
 []

[35

 <./images_silicano/Densidad_estados_con_spin_up_elementos.png>]
<images_silicano/Densidad_estados_con_spin_down.png, id=1079, 1156.32pt x 579.6054pt>
File: images_silicano/Densidad_estados_con_spin_down.png Graphic file (type png)
<use images_silicano/Densidad_estados_con_spin_down.png>
Package pdftex.def Info: images_silicano/Densidad_estados_con_spin_down.png  used on input line 114.
(pdftex.def)             Requested size: 346.89868pt x 173.88295pt.

Overfull \hbox (6.20308pt too wide) in paragraph at lines 114--114
 [] 
 []


Overfull \hbox (175.88611pt too wide) has occurred while \output is active
 [][]  \OT1/cmss/m/n/6 ([])  
 []

[36

 <./images_silicano/Densidad_estados_con_spin_down.png>]
File: images_silicano/Densidad_estados_con_spin_up_elementos.png Graphic file (type png)
<use images_silicano/Densidad_estados_con_spin_up_elementos.png>
Package pdftex.def Info: images_silicano/Densidad_estados_con_spin_up_elementos.png  used on input line 125.
(pdftex.def)             Requested size: 346.89868pt x 173.88295pt.

Overfull \hbox (6.20308pt too wide) in paragraph at lines 125--125
 [] 
 []


Overfull \vbox (6.40706pt too high) detected at line 125
 []


Overfull \hbox (175.88611pt too wide) has occurred while \output is active
 [][]  \OT1/cmss/m/n/6 ([])  
 []

[37

]
<images_silicano/Densidad_estados_con_spin_down_elementos.png, id=1135, 1156.32pt x 579.6054pt>
File: images_silicano/Densidad_estados_con_spin_down_elementos.png Graphic file (type png)
<use images_silicano/Densidad_estados_con_spin_down_elementos.png>
Package pdftex.def Info: images_silicano/Densidad_estados_con_spin_down_elementos.png  used on input line 133.
(pdftex.def)             Requested size: 346.89868pt x 173.88295pt.

Overfull \hbox (6.20308pt too wide) in paragraph at lines 133--133
 [] 
 []


Overfull \hbox (175.88611pt too wide) has occurred while \output is active
 [][]  \OT1/cmss/m/n/6 ([])  
 []

[38

 <./images_silicano/Densidad_estados_con_spin_down_elementos.png>])
\tf@nav=\write6
\openout6 = `main.nav'.

\tf@toc=\write7
\openout7 = `main.toc'.

\tf@snm=\write8
\openout8 = `main.snm'.

 (/home/jesus/Nanociencia_DFT/Reportes/01_Silicio_y_Siliceno_presentacion/build/main.aux)
Package rerunfilecheck Info: File `main.out' has not changed.
(rerunfilecheck)             Checksum: A2A3725CCDB5B7ED35C067C6D82CD84A;410.
 ) 
Here is how much of TeX's memory you used:
 20941 strings out of 479329
 396660 string characters out of 2861679
 670345 words of memory out of 3000000
 37819 multiletter control sequences out of 15000+200000
 405840 words of font info for 35 fonts, out of 3000000 for 9000
 1141 hyphenation exceptions out of 8191
 112i,16n,116p,498b,642s stack positions out of 5000i,500n,10000p,200000b,50000s
</home/jesus/.miktex/texmfs/install/fonts/type1/public/amsfonts/cm/cmss10.pfb></home/jesus/.miktex/texmfs/install/fonts/type1/public/amsfonts/cm/cmss12.pfb></home/jesus/.miktex/texmfs/install/fonts/type1/public/amsfonts/cm/cmss17.pfb></home/jesus/.miktex/texmfs/install/fonts/type1/public/amsfonts/cm/cmss8.pfb></home/jesus/.miktex/texmfs/install/fonts/type1/public/amsfonts/cm/cmssbx10.pfb>
Output written on /home/jesus/Nanociencia_DFT/Reportes/01_Silicio_y_Siliceno_presentacion/build/main.pdf (38 pages, 2868954 bytes).
PDF statistics:
 1202 PDF objects out of 1440 (max. 8388607)
 82 named destinations out of 1000 (max. 500000)
 297 words of extra memory for PDF output out of 10000 (max. 10000000)

